<?xml version="1.0" encoding="UTF-8"?>
<!-- Generated by org.testng.reporters.JUnitXMLReporter -->
<testsuite ignored="1" hostname="LAPTOP-57Q5F189" failures="1" tests="6" name="Car Loan" time="0.159" errors="0" timestamp="2024-01-31T23:48:54 CST">
  <testcase classname="test.Day3" name="mobileLoginCarLoan" time="0.005"/>
  <testcase classname="test.Day3" name="mobileSignoutCarLoan" time="0.026"/>
  <testcase classname="test.Day3" name="mobileSignoutCarLoan" time="0.006"/>
  <testcase classname="test.Day3" name="mobileSignoutCarLoan" time="0.002"/>
  <testcase classname="test.Day3" name="webLoginCarLoan" time="0.01">
    <failure type="java.lang.AssertionError" message="expected [true] but found [false]">
      <![CDATA[java.lang.AssertionError: expected [true] but found [false]
at test.Day3.webLoginCarLoan(Day3.java:21)
at java.base/java.util.ArrayList.forEach(ArrayList.java:1511)
at java.base/java.util.concurrent.FutureTask.run(FutureTask.java:264)
at java.base/java.util.concurrent.ThreadPoolExecutor.runWorker(ThreadPoolExecutor.java:1136)
at java.base/java.util.concurrent.ThreadPoolExecutor$Worker.run(ThreadPoolExecutor.java:635)
at java.base/java.lang.Thread.run(Thread.java:833)
... Removed 22 stack frames]]>
    </failure>
  </testcase> <!-- webLoginCarLoan -->
  <testcase classname="test.Day3" name="loginAPICarLoan" time="0.0">
    <skipped/>
  </testcase> <!-- loginAPICarLoan -->
  <testcase classname="test.Day3" name="mobileSigninCarLoan" time="0.0">
    <ignored/>
  </testcase> <!-- mobileSigninCarLoan -->
</testsuite> <!-- Car Loan -->
