<?xml version="1.0" encoding="UTF-8"?>
<testng-results ignored="2" total="13" passed="9" failed="1" skipped="1">
  <reporter-output>
  </reporter-output>
  <suite started-at="2024-01-31T23:48:54 CST" name="Loan Department" finished-at="2024-01-31T23:48:54 CST" duration-ms="159">
    <groups>
      <group name="smoke">
        <method signature="Day1.demo()[pri:0, instance:test.Day1@bd4dc25]" name="demo" class="test.Day1"/>
        <method signature="Day2.ploan()[pri:0, instance:test.Day2@4229bb3f]" name="ploan" class="test.Day2"/>
        <method signature="Day4.loginAPIHomeLoan()[pri:0, instance:test.Day4@56cdfb3b]" name="loginAPIHomeLoan" class="test.Day4"/>
      </group> <!-- smoke -->
    </groups>
    <test started-at="2024-01-31T23:48:54 CST" name="Personal Loan" finished-at="2024-01-31T23:48:54 CST" duration-ms="118">
      <class name="test.Day1">
        <test-method signature="demo()[pri:0, instance:test.Day1@bd4dc25]" started-at="2024-01-31T23:48:54 CST" name="demo" finished-at="2024-01-31T23:48:54 CST" duration-ms="11" status="PASS">
          <reporter-output>
          </reporter-output>
        </test-method> <!-- demo -->
        <test-method is-config="true" signature="afterMethod()[pri:0, instance:test.Day1@bd4dc25]" started-at="2024-01-31T23:48:54 CST" name="afterMethod" finished-at="2024-01-31T23:48:54 CST" duration-ms="1" status="PASS">
          <reporter-output>
          </reporter-output>
        </test-method> <!-- afterMethod -->
        <test-method is-config="true" signature="lastExecution()[pri:0, instance:test.Day1@bd4dc25]" started-at="2024-01-31T23:48:54 CST" name="lastExecution" finished-at="2024-01-31T23:48:54 CST" duration-ms="4" status="PASS">
          <reporter-output>
          </reporter-output>
        </test-method> <!-- lastExecution -->
      </class> <!-- test.Day1 -->
      <class name="test.Day2">
        <test-method is-config="true" signature="prerequisite()[pri:0, instance:test.Day2@4229bb3f]" started-at="2024-01-31T23:48:54 CST" name="prerequisite" finished-at="2024-01-31T23:48:54 CST" duration-ms="1" status="PASS">
          <reporter-output>
          </reporter-output>
        </test-method> <!-- prerequisite -->
        <test-method signature="ploan()[pri:0, instance:test.Day2@4229bb3f]" started-at="2024-01-31T23:48:54 CST" name="ploan" finished-at="2024-01-31T23:48:54 CST" duration-ms="2" status="PASS">
          <reporter-output>
          </reporter-output>
        </test-method> <!-- ploan -->
      </class> <!-- test.Day2 -->
      <class name="test.Day4">
        <test-method signature="loginAPIHomeLoan()[pri:0, instance:test.Day4@56cdfb3b]" started-at="2024-01-31T23:48:54 CST" name="loginAPIHomeLoan" finished-at="2024-01-31T23:48:54 CST" duration-ms="5" status="PASS">
          <reporter-output>
          </reporter-output>
        </test-method> <!-- loginAPIHomeLoan -->
        <test-method signature="mobileLoginHomeLoan()[pri:0, instance:test.Day4@56cdfb3b]" started-at="2024-01-31T23:48:54 CST" name="mobileLoginHomeLoan" finished-at="2024-01-31T23:48:54 CST" duration-ms="5" status="PASS">
          <reporter-output>
          </reporter-output>
        </test-method> <!-- mobileLoginHomeLoan -->
        <test-method signature="webLoginHomeLoan(java.lang.String)[pri:0, instance:test.Day4@56cdfb3b]" started-at="2024-01-31T23:48:54 CST" name="webLoginHomeLoan" finished-at="2024-01-31T23:48:54 CST" duration-ms="6" status="PASS">
          <params>
            <param index="0">
              <value>
                <![CDATA[http://RahulShettyAcademy.com]]>
              </value>
            </param>
          </params>
          <reporter-output>
          </reporter-output>
        </test-method> <!-- webLoginHomeLoan -->
      </class> <!-- test.Day4 -->
    </test> <!-- Personal Loan -->
    <test started-at="2024-01-31T23:48:54 CST" name="Car Loan" finished-at="2024-01-31T23:48:54 CST" duration-ms="159">
      <class name="test.Day2">
        <test-method is-config="true" signature="beforeSuite()[pri:0, instance:test.Day2@4229bb3f]" started-at="2024-01-31T23:48:54 CST" name="beforeSuite" finished-at="2024-01-31T23:48:54 CST" duration-ms="6" status="PASS">
          <reporter-output>
          </reporter-output>
        </test-method> <!-- beforeSuite -->
      </class> <!-- test.Day2 -->
      <class name="test.Day3">
        <test-method is-config="true" signature="beforeMethod()[pri:0, instance:test.Day3@26e356f0]" started-at="2024-01-31T23:48:54 CST" name="beforeMethod" finished-at="2024-01-31T23:48:54 CST" duration-ms="1" status="PASS">
          <reporter-output>
          </reporter-output>
        </test-method> <!-- beforeMethod -->
        <test-method signature="mobileLoginCarLoan()[pri:0, instance:test.Day3@26e356f0]" started-at="2024-01-31T23:48:54 CST" name="mobileLoginCarLoan" finished-at="2024-01-31T23:48:54 CST" duration-ms="5" status="PASS">
          <reporter-output>
          </reporter-output>
        </test-method> <!-- mobileLoginCarLoan -->
        <test-method is-config="true" signature="beforeMethod()[pri:0, instance:test.Day3@26e356f0]" started-at="2024-01-31T23:48:54 CST" name="beforeMethod" finished-at="2024-01-31T23:48:54 CST" duration-ms="1" status="PASS">
          <reporter-output>
          </reporter-output>
        </test-method> <!-- beforeMethod -->
        <test-method signature="mobileSignoutCarLoan(java.lang.String,java.lang.String)[pri:0, instance:test.Day3@26e356f0]" started-at="2024-01-31T23:48:54 CST" name="mobileSignoutCarLoan" data-provider="getData" finished-at="2024-01-31T23:48:54 CST" duration-ms="26" status="PASS">
          <params>
            <param index="0">
              <value>
                <![CDATA[FirstsetUsername]]>
              </value>
            </param>
            <param index="1">
              <value>
                <![CDATA[firstsetpassword]]>
              </value>
            </param>
          </params>
          <reporter-output>
          </reporter-output>
        </test-method> <!-- mobileSignoutCarLoan -->
        <test-method is-config="true" signature="beforeMethod()[pri:0, instance:test.Day3@26e356f0]" started-at="2024-01-31T23:48:54 CST" name="beforeMethod" finished-at="2024-01-31T23:48:54 CST" duration-ms="1" status="PASS">
          <reporter-output>
          </reporter-output>
        </test-method> <!-- beforeMethod -->
        <test-method signature="mobileSignoutCarLoan(java.lang.String,java.lang.String)[pri:0, instance:test.Day3@26e356f0]" started-at="2024-01-31T23:48:54 CST" name="mobileSignoutCarLoan" data-provider="getData" finished-at="2024-01-31T23:48:54 CST" duration-ms="6" status="PASS">
          <params>
            <param index="0">
              <value>
                <![CDATA[secondsetUsername]]>
              </value>
            </param>
            <param index="1">
              <value>
                <![CDATA[secondsetpassword]]>
              </value>
            </param>
          </params>
          <reporter-output>
          </reporter-output>
        </test-method> <!-- mobileSignoutCarLoan -->
        <test-method is-config="true" signature="beforeMethod()[pri:0, instance:test.Day3@26e356f0]" started-at="2024-01-31T23:48:54 CST" name="beforeMethod" finished-at="2024-01-31T23:48:54 CST" duration-ms="5" status="PASS">
          <reporter-output>
          </reporter-output>
        </test-method> <!-- beforeMethod -->
        <test-method signature="mobileSignoutCarLoan(java.lang.String,java.lang.String)[pri:0, instance:test.Day3@26e356f0]" started-at="2024-01-31T23:48:54 CST" name="mobileSignoutCarLoan" data-provider="getData" finished-at="2024-01-31T23:48:54 CST" duration-ms="2" status="PASS">
          <params>
            <param index="0">
              <value>
                <![CDATA[thirdsetUsername]]>
              </value>
            </param>
            <param index="1">
              <value>
                <![CDATA[third setpassword]]>
              </value>
            </param>
          </params>
          <reporter-output>
          </reporter-output>
        </test-method> <!-- mobileSignoutCarLoan -->
        <test-method is-config="true" signature="beforeMethod()[pri:0, instance:test.Day3@26e356f0]" started-at="2024-01-31T23:48:54 CST" name="beforeMethod" finished-at="2024-01-31T23:48:54 CST" duration-ms="0" status="PASS">
          <reporter-output>
          </reporter-output>
        </test-method> <!-- beforeMethod -->
        <test-method signature="webLoginCarLoan()[pri:0, instance:test.Day3@26e356f0]" started-at="2024-01-31T23:48:54 CST" name="webLoginCarLoan" finished-at="2024-01-31T23:48:54 CST" duration-ms="10" status="FAIL">
          <exception class="java.lang.AssertionError">
            <message>
              <![CDATA[expected [true] but found [false]]]>
            </message>
            <full-stacktrace>
              <![CDATA[java.lang.AssertionError: expected [true] but found [false]
at org.testng.Assert.fail(Assert.java:99)
at org.testng.Assert.failNotEquals(Assert.java:1037)
at org.testng.Assert.assertTrue(Assert.java:45)
at org.testng.Assert.assertTrue(Assert.java:55)
at test.Day3.webLoginCarLoan(Day3.java:21)
at java.base/jdk.internal.reflect.NativeMethodAccessorImpl.invoke0(Native Method)
at java.base/jdk.internal.reflect.NativeMethodAccessorImpl.invoke(NativeMethodAccessorImpl.java:77)
at java.base/jdk.internal.reflect.DelegatingMethodAccessorImpl.invoke(DelegatingMethodAccessorImpl.java:43)
at java.base/java.lang.reflect.Method.invoke(Method.java:568)
at org.testng.internal.MethodInvocationHelper.invokeMethod(MethodInvocationHelper.java:133)
at org.testng.internal.TestInvoker.invokeMethod(TestInvoker.java:598)
at org.testng.internal.TestInvoker.invokeTestMethod(TestInvoker.java:173)
at org.testng.internal.MethodRunner.runInSequence(MethodRunner.java:46)
at org.testng.internal.TestInvoker$MethodInvocationAgent.invoke(TestInvoker.java:824)
at org.testng.internal.TestInvoker.invokeTestMethods(TestInvoker.java:146)
at org.testng.internal.TestMethodWorker.invokeTestMethods(TestMethodWorker.java:146)
at org.testng.internal.TestMethodWorker.run(TestMethodWorker.java:128)
at java.base/java.util.ArrayList.forEach(ArrayList.java:1511)
at org.testng.TestRunner.privateRun(TestRunner.java:794)
at org.testng.TestRunner.run(TestRunner.java:596)
at org.testng.SuiteRunner.runTest(SuiteRunner.java:377)
at org.testng.SuiteRunner.access$000(SuiteRunner.java:28)
at org.testng.SuiteRunner$SuiteWorker.run(SuiteRunner.java:418)
at org.testng.internal.thread.ThreadUtil.lambda$execute$0(ThreadUtil.java:64)
at java.base/java.util.concurrent.FutureTask.run(FutureTask.java:264)
at java.base/java.util.concurrent.ThreadPoolExecutor.runWorker(ThreadPoolExecutor.java:1136)
at java.base/java.util.concurrent.ThreadPoolExecutor$Worker.run(ThreadPoolExecutor.java:635)
at java.base/java.lang.Thread.run(Thread.java:833)
]]>
            </full-stacktrace>
          </exception> <!-- java.lang.AssertionError -->
          <reporter-output>
          </reporter-output>
        </test-method> <!-- webLoginCarLoan -->
        <test-method signature="loginAPICarLoan()[pri:0, instance:test.Day3@26e356f0]" started-at="2024-01-31T23:48:54 CST" name="loginAPICarLoan" finished-at="2024-01-31T23:48:54 CST" depends-on-methods="test.Day3.webLoginCarLoan" duration-ms="0" status="SKIP">
          <exception class="java.lang.Throwable">
            <message>
              <![CDATA[Method Day3.loginAPICarLoan()[pri:0, instance:test.Day3@26e356f0] depends on not successfully finished methods]]>
            </message>
            <full-stacktrace>
              <![CDATA[java.lang.Throwable: Method Day3.loginAPICarLoan()[pri:0, instance:test.Day3@26e356f0] depends on not successfully finished methods
at org.testng.internal.TestInvoker.invokeTestMethods(TestInvoker.java:102)
at org.testng.internal.TestMethodWorker.invokeTestMethods(TestMethodWorker.java:146)
at org.testng.internal.TestMethodWorker.run(TestMethodWorker.java:128)
at java.base/java.util.ArrayList.forEach(ArrayList.java:1511)
at org.testng.TestRunner.privateRun(TestRunner.java:794)
at org.testng.TestRunner.run(TestRunner.java:596)
at org.testng.SuiteRunner.runTest(SuiteRunner.java:377)
at org.testng.SuiteRunner.access$000(SuiteRunner.java:28)
at org.testng.SuiteRunner$SuiteWorker.run(SuiteRunner.java:418)
at org.testng.internal.thread.ThreadUtil.lambda$execute$0(ThreadUtil.java:64)
at java.base/java.util.concurrent.FutureTask.run(FutureTask.java:264)
at java.base/java.util.concurrent.ThreadPoolExecutor.runWorker(ThreadPoolExecutor.java:1136)
at java.base/java.util.concurrent.ThreadPoolExecutor$Worker.run(ThreadPoolExecutor.java:635)
at java.base/java.lang.Thread.run(Thread.java:833)
]]>
            </full-stacktrace>
          </exception> <!-- java.lang.Throwable -->
          <reporter-output>
          </reporter-output>
        </test-method> <!-- loginAPICarLoan -->
        <test-method is-config="true" signature="afterSuite()[pri:0, instance:test.Day3@26e356f0]" started-at="2024-01-31T23:48:54 CST" name="afterSuite" finished-at="2024-01-31T23:48:54 CST" duration-ms="0" status="PASS">
          <reporter-output>
          </reporter-output>
        </test-method> <!-- afterSuite -->
      </class> <!-- test.Day3 -->
    </test> <!-- Car Loan -->
  </suite> <!-- Loan Department -->
</testng-results>
